{"uid":"802f9b6165e4128d","name":"Login to OrangeHRM site","fullName":"OrangeHRM Login to site: Login to OrangeHRM site","historyId":"e0b281bb385cc4692c0ee8f490658e9d","time":{"start":1758271588321,"stop":1758271600924,"duration":12603},"status":"failed","statusMessage":"AssertionError: Test failed as unable to login\n","statusTrace":"  File \"C:\\Users\\KiranThakur\\PycharmProjects\\behaveBDDProject\\.venv1\\Lib\\site-packages\\behave\\model.py\", line 1991, in run\n    match.run(runner.context)\n    ~~~~~~~~~^^^^^^^^^^^^^^^^\n  File \"C:\\Users\\KiranThakur\\PycharmProjects\\behaveBDDProject\\.venv1\\Lib\\site-packages\\behave\\matchers.py\", line 105, in run\n    self.func(context, *args, **kwargs)\n    ~~~~~~~~~^^^^^^^^^^^^^^^^^^^^^^^^^^\n  File \"features\\steps\\orangehrmsteps.py\", line 52, in checkDashboardPage\n    assert False, \"Test failed as unable to login\"\n           ^^^^^\n","flaky":false,"newFailed":false,"newBroken":false,"newPassed":false,"retriesCount":0,"retriesStatusChange":false,"beforeStages":[],"testStage":{"status":"failed","statusMessage":"AssertionError: Test failed as unable to login\n","statusTrace":"  File \"C:\\Users\\KiranThakur\\PycharmProjects\\behaveBDDProject\\.venv1\\Lib\\site-packages\\behave\\model.py\", line 1991, in run\n    match.run(runner.context)\n    ~~~~~~~~~^^^^^^^^^^^^^^^^\n  File \"C:\\Users\\KiranThakur\\PycharmProjects\\behaveBDDProject\\.venv1\\Lib\\site-packages\\behave\\matchers.py\", line 105, in run\n    self.func(context, *args, **kwargs)\n    ~~~~~~~~~^^^^^^^^^^^^^^^^^^^^^^^^^^\n  File \"features\\steps\\orangehrmsteps.py\", line 52, in checkDashboardPage\n    assert False, \"Test failed as unable to login\"\n           ^^^^^\n","steps":[{"name":"Given launch chrome browser","time":{"start":1758271588321,"stop":1758271589697,"duration":1376},"status":"passed","steps":[],"attachments":[],"parameters":[],"shouldDisplayMessage":false,"attachmentsCount":0,"hasContent":false,"stepsCount":0,"attachmentStep":false},{"name":"When open orange hrm homepage","time":{"start":1758271589697,"stop":1758271593609,"duration":3912},"status":"passed","steps":[],"attachments":[],"parameters":[],"shouldDisplayMessage":false,"attachmentsCount":0,"hasContent":false,"stepsCount":0,"attachmentStep":false},{"name":"And Enter username \"Admin\" and password \"admin123\"","time":{"start":1758271593609,"stop":1758271595722,"duration":2113},"status":"passed","steps":[],"attachments":[],"parameters":[],"shouldDisplayMessage":false,"attachmentsCount":0,"hasContent":false,"stepsCount":0,"attachmentStep":false},{"name":"And click on Login button","time":{"start":1758271595722,"stop":1758271595777,"duration":55},"status":"passed","steps":[],"attachments":[],"parameters":[],"shouldDisplayMessage":false,"attachmentsCount":0,"hasContent":false,"stepsCount":0,"attachmentStep":false},{"name":"Then User must be successfully login to home page","time":{"start":1758271595777,"stop":1758271600923,"duration":5146},"status":"failed","statusMessage":"AssertionError: Test failed as unable to login\n","statusTrace":"  File \"C:\\Users\\KiranThakur\\PycharmProjects\\behaveBDDProject\\.venv1\\Lib\\site-packages\\behave\\model.py\", line 1991, in run\n    match.run(runner.context)\n    ~~~~~~~~~^^^^^^^^^^^^^^^^\n  File \"C:\\Users\\KiranThakur\\PycharmProjects\\behaveBDDProject\\.venv1\\Lib\\site-packages\\behave\\matchers.py\", line 105, in run\n    self.func(context, *args, **kwargs)\n    ~~~~~~~~~^^^^^^^^^^^^^^^^^^^^^^^^^^\n  File \"features\\steps\\orangehrmsteps.py\", line 52, in checkDashboardPage\n    assert False, \"Test failed as unable to login\"\n           ^^^^^\n","steps":[],"attachments":[],"parameters":[],"shouldDisplayMessage":true,"attachmentsCount":0,"hasContent":true,"stepsCount":0,"attachmentStep":false}],"attachments":[],"parameters":[],"shouldDisplayMessage":false,"attachmentsCount":0,"hasContent":true,"stepsCount":5,"attachmentStep":false},"afterStages":[],"labels":[{"name":"severity","value":"normal"},{"name":"feature","value":"OrangeHRM Login to site"},{"name":"framework","value":"behave"},{"name":"language","value":"cpython3"},{"name":"resultFormat","value":"allure2"}],"parameters":[],"links":[],"hidden":true,"retry":true,"extra":{"categories":[],"tags":[]},"source":"802f9b6165e4128d.json","parameterValues":[]}