{"uid":"f1355fd7ab43f0aa","name":"Login to OrangeHRM site -- @1.3 ","fullName":"OrangeHRM Login to site: Login to OrangeHRM site","historyId":"f7ab66c3abde02f79220d86da93c3a08","time":{"start":1758271567876,"stop":1758271588319,"duration":20443},"status":"failed","statusMessage":"AssertionError: Test failed as unable to login\n","statusTrace":"  File \"C:\\Users\\KiranThakur\\PycharmProjects\\behaveBDDProject\\.venv1\\Lib\\site-packages\\behave\\model.py\", line 1991, in run\n    match.run(runner.context)\n    ~~~~~~~~~^^^^^^^^^^^^^^^^\n  File \"C:\\Users\\KiranThakur\\PycharmProjects\\behaveBDDProject\\.venv1\\Lib\\site-packages\\behave\\matchers.py\", line 105, in run\n    self.func(context, *args, **kwargs)\n    ~~~~~~~~~^^^^^^^^^^^^^^^^^^^^^^^^^^\n  File \"features\\steps\\orangehrmsteps.py\", line 52, in checkDashboardPage\n    assert False, \"Test failed as unable to login\"\n           ^^^^^\n","flaky":false,"newFailed":false,"newBroken":false,"newPassed":false,"retriesCount":0,"retriesStatusChange":false,"beforeStages":[],"testStage":{"status":"failed","statusMessage":"AssertionError: Test failed as unable to login\n","statusTrace":"  File \"C:\\Users\\KiranThakur\\PycharmProjects\\behaveBDDProject\\.venv1\\Lib\\site-packages\\behave\\model.py\", line 1991, in run\n    match.run(runner.context)\n    ~~~~~~~~~^^^^^^^^^^^^^^^^\n  File \"C:\\Users\\KiranThakur\\PycharmProjects\\behaveBDDProject\\.venv1\\Lib\\site-packages\\behave\\matchers.py\", line 105, in run\n    self.func(context, *args, **kwargs)\n    ~~~~~~~~~^^^^^^^^^^^^^^^^^^^^^^^^^^\n  File \"features\\steps\\orangehrmsteps.py\", line 52, in checkDashboardPage\n    assert False, \"Test failed as unable to login\"\n           ^^^^^\n","steps":[{"name":"Given launch chrome browser","time":{"start":1758271567877,"stop":1758271577227,"duration":9350},"status":"passed","steps":[],"attachments":[],"parameters":[],"shouldDisplayMessage":false,"attachmentsCount":0,"hasContent":false,"stepsCount":0,"attachmentStep":false},{"name":"When open orange hrm homepage","time":{"start":1758271577227,"stop":1758271580895,"duration":3668},"status":"passed","steps":[],"attachments":[],"parameters":[],"shouldDisplayMessage":false,"attachmentsCount":0,"hasContent":false,"stepsCount":0,"attachmentStep":false},{"name":"And Enter username \"admin123\" and password \"admin123\"","time":{"start":1758271580895,"stop":1758271583016,"duration":2121},"status":"passed","steps":[],"attachments":[],"parameters":[],"shouldDisplayMessage":false,"attachmentsCount":0,"hasContent":false,"stepsCount":0,"attachmentStep":false},{"name":"And click on Login button","time":{"start":1758271583016,"stop":1758271583074,"duration":58},"status":"passed","steps":[],"attachments":[],"parameters":[],"shouldDisplayMessage":false,"attachmentsCount":0,"hasContent":false,"stepsCount":0,"attachmentStep":false},{"name":"Then User must be successfully login to home page","time":{"start":1758271583074,"stop":1758271588318,"duration":5244},"status":"failed","statusMessage":"AssertionError: Test failed as unable to login\n","statusTrace":"  File \"C:\\Users\\KiranThakur\\PycharmProjects\\behaveBDDProject\\.venv1\\Lib\\site-packages\\behave\\model.py\", line 1991, in run\n    match.run(runner.context)\n    ~~~~~~~~~^^^^^^^^^^^^^^^^\n  File \"C:\\Users\\KiranThakur\\PycharmProjects\\behaveBDDProject\\.venv1\\Lib\\site-packages\\behave\\matchers.py\", line 105, in run\n    self.func(context, *args, **kwargs)\n    ~~~~~~~~~^^^^^^^^^^^^^^^^^^^^^^^^^^\n  File \"features\\steps\\orangehrmsteps.py\", line 52, in checkDashboardPage\n    assert False, \"Test failed as unable to login\"\n           ^^^^^\n","steps":[],"attachments":[],"parameters":[],"shouldDisplayMessage":true,"attachmentsCount":0,"hasContent":true,"stepsCount":0,"attachmentStep":false}],"attachments":[],"parameters":[],"shouldDisplayMessage":false,"attachmentsCount":0,"hasContent":true,"stepsCount":5,"attachmentStep":false},"afterStages":[],"labels":[{"name":"severity","value":"normal"},{"name":"feature","value":"OrangeHRM Login to site"},{"name":"framework","value":"behave"},{"name":"language","value":"cpython3"},{"name":"resultFormat","value":"allure2"}],"parameters":[{"name":"password","value":"admin123"},{"name":"username","value":"admin123"}],"links":[],"hidden":true,"retry":true,"extra":{"categories":[],"tags":[]},"source":"f1355fd7ab43f0aa.json","parameterValues":["admin123","admin123"]}